No results found
Selection successfull
date +%Y-%m-%d %H:%M:%S  No results found
No results found
Thu, Aug 24, 2023  8:58:44 PM No results found
2023-08-24 20:59:41 No results found
24-08-2023 21:00:04 No results found
24-08-2023 21:01:27 Search failure
24-08-2023 21:21:52 Search success
24-08-2023 21:31:36 Search success
25-08-2023 14:19:25 Search success
25-08-2023 14:20:53 Search success
25-08-2023 14:21:44 Search success
25-08-2023 14:22:18 Search success
25-08-2023 14:24:20 Search success
25-08-2023 14:24:41 Search success
25-08-2023 14:25:50 Search success
25-08-2023 14:26:53 Search success
25-08-2023 14:27:32 Search success
25-08-2023 14:36:52 Search success
25-08-2023 14:38:12 Search success
25-08-2023 14:39:14 Search success
25-08-2023 14:39:56 Search failure
25-08-2023 14:40:17 Search success
25-08-2023 14:41:20 Search success
25-08-2023 14:42:20 Search success
25-08-2023 14:42:49 Search success
25-08-2023 14:44:13 Search success
25-08-2023 14:46:10 Search success
25-08-2023 14:47:14 Search success
25-08-2023 14:47:32 Search success
25-08-2023 14:49:32 Search success
25-08-2023 14:50:00 Search success
25-08-2023 14:51:09 Search success
25-08-2023 15:23:08 Search success
25-08-2023 15:27:15 Search success
25-08-2023 15:31:05 Search success
25-08-2023 15:32:20 Search success
25-08-2023 15:33:01 Search success
25-08-2023 15:34:12 Search success
25-08-2023 15:36:07 Search success
25-08-2023 15:36:45 Search failure
